This file contains any messages produced by compilers while
running configure, to aid debugging if configure makes a mistake.

It was created by kinfold configure 1.4, which was
generated by GNU Autoconf 2.71.  Invocation command line was

  $ ./configure --disable-option-checking --prefix=/usr/local CC=gcc CXX=g++ 'CFLAGS=-g -O2' 'CXXFLAGS=-g -O2' AR=ar RANLIB=ranlib 'NM=/usr/bin/nm -B' 'VRNA_CFLAGS=-I$(top_srcdir)/../../src/ViennaRNA -I$(top_srcdir)/../../src -DVRNA_WITH_NAVIEW_LAYOUT' 'VRNA_LIBS=-fno-strict-aliasing -L$(top_builddir)/../../src/ViennaRNA -lRNA -fopenmp -lpthread -lstdc++' --cache-file=/dev/null --srcdir=.

## --------- ##
## Platform. ##
## --------- ##

hostname = yx1-worker01
uname -m = x86_64
uname -r = 5.4.0-186-generic
uname -s = Linux
uname -v = #206-Ubuntu SMP Fri Apr 26 12:31:10 UTC 2024

/usr/bin/uname -p = x86_64
/bin/uname -X     = unknown

/bin/arch              = x86_64
/usr/bin/arch -k       = unknown
/usr/convex/getsysinfo = unknown
/usr/bin/hostinfo      = unknown
/bin/machine           = unknown
/usr/bin/oslevel       = unknown
/bin/universe          = unknown

PATH: /data/ntc/Software/miniconda3/envs/NTC/bin/
PATH: /data/ntc/Software/miniconda3/condabin/
PATH: /data/ntc/Software/miniconda3/bin/
PATH: /data/ntc/Software/miniconda3/condabin/
PATH: /home/ntc/.vscode-server/cli/servers/Stable-611f9bfce64f25108829dd295f54a6894e87339d/server/bin/remote-cli/
PATH: /usr/local/sbin/
PATH: /usr/local/bin/
PATH: /usr/sbin/
PATH: /usr/bin/
PATH: /sbin/
PATH: /bin/
PATH: /usr/games/
PATH: /usr/local/games/
PATH: /snap/bin/


## ----------- ##
## Core tests. ##
## ----------- ##

configure:2327: looking for aux files: config.guess config.sub compile missing install-sh
configure:2340:  trying ./
configure:2369:   ./config.guess found
configure:2369:   ./config.sub found
configure:2369:   ./compile found
configure:2369:   ./missing found
configure:2351:   ./install-sh found
configure:2494: checking whether make supports nested variables
configure:2512: result: yes
configure:2541: checking for a BSD-compatible install
configure:2614: result: /usr/bin/install -c
configure:2625: checking whether build environment is sane
configure:2680: result: yes
configure:2837: checking for a race-free mkdir -p
configure:2881: result: /usr/bin/mkdir -p
configure:2888: checking for gawk
configure:2909: found /usr/bin/gawk
configure:2920: result: gawk
configure:2931: checking whether make sets $(MAKE)
configure:2954: result: yes
configure:3098: checking if malloc debugging is wanted
configure:3117: result: no
configure:3185: checking for gcc
configure:3217: result: gcc
configure:3570: checking for C compiler version
configure:3579: gcc --version >&5
gcc (Ubuntu 9.4.0-1ubuntu1~20.04.2) 9.4.0
Copyright (C) 2019 Free Software Foundation, Inc.
This is free software; see the source for copying conditions.  There is NO
warranty; not even for MERCHANTABILITY or FITNESS FOR A PARTICULAR PURPOSE.

configure:3590: $? = 0
configure:3579: gcc -v >&5
Using built-in specs.
COLLECT_GCC=gcc
COLLECT_LTO_WRAPPER=/usr/lib/gcc/x86_64-linux-gnu/9/lto-wrapper
OFFLOAD_TARGET_NAMES=nvptx-none:hsa
OFFLOAD_TARGET_DEFAULT=1
Target: x86_64-linux-gnu
Configured with: ../src/configure -v --with-pkgversion='Ubuntu 9.4.0-1ubuntu1~20.04.2' --with-bugurl=file:///usr/share/doc/gcc-9/README.Bugs --enable-languages=c,ada,c++,go,brig,d,fortran,objc,obj-c++,gm2 --prefix=/usr --with-gcc-major-version-only --program-suffix=-9 --program-prefix=x86_64-linux-gnu- --enable-shared --enable-linker-build-id --libexecdir=/usr/lib --without-included-gettext --enable-threads=posix --libdir=/usr/lib --enable-nls --enable-clocale=gnu --enable-libstdcxx-debug --enable-libstdcxx-time=yes --with-default-libstdcxx-abi=new --enable-gnu-unique-object --disable-vtable-verify --enable-plugin --enable-default-pie --with-system-zlib --with-target-system-zlib=auto --enable-objc-gc=auto --enable-multiarch --disable-werror --with-arch-32=i686 --with-abi=m64 --with-multilib-list=m32,m64,mx32 --enable-multilib --with-tune=generic --enable-offload-targets=nvptx-none=/build/gcc-9-9QDOt0/gcc-9-9.4.0/debian/tmp-nvptx/usr,hsa --without-cuda-driver --enable-checking=release --build=x86_64-linux-gnu --host=x86_64-linux-gnu --target=x86_64-linux-gnu
Thread model: posix
gcc version 9.4.0 (Ubuntu 9.4.0-1ubuntu1~20.04.2) 
configure:3590: $? = 0
configure:3579: gcc -V >&5
gcc: error: unrecognized command line option '-V'
gcc: fatal error: no input files
compilation terminated.
configure:3590: $? = 1
configure:3579: gcc -qversion >&5
gcc: error: unrecognized command line option '-qversion'; did you mean '--version'?
gcc: fatal error: no input files
compilation terminated.
configure:3590: $? = 1
configure:3579: gcc -version >&5
gcc: error: unrecognized command line option '-version'
gcc: fatal error: no input files
compilation terminated.
configure:3590: $? = 1
configure:3610: checking whether the C compiler works
configure:3632: gcc -g -O2   conftest.c  >&5
configure:3636: $? = 0
configure:3686: result: yes
configure:3689: checking for C compiler default output file name
configure:3691: result: a.out
configure:3697: checking for suffix of executables
configure:3704: gcc -o conftest -g -O2   conftest.c  >&5
configure:3708: $? = 0
configure:3731: result: 
configure:3753: checking whether we are cross compiling
configure:3761: gcc -o conftest -g -O2   conftest.c  >&5
configure:3765: $? = 0
configure:3772: ./conftest
configure:3776: $? = 0
configure:3764: result: no
configure:3769: checking for suffix of object files
configure:3792: gcc -c -g -O2  conftest.c >&5
configure:3796: $? = 0
configure:3818: result: o
configure:3822: checking whether the compiler supports GNU C
configure:3842: gcc -c -g -O2  conftest.c >&5
configure:3842: $? = 0
configure:3852: result: yes
configure:3863: checking whether gcc accepts -g
configure:3884: gcc -c -g  conftest.c >&5
configure:3884: $? = 0
configure:3928: result: yes
configure:3948: checking for gcc option to enable C11 features
configure:3963: gcc  -c -g -O2  conftest.c >&5
configure:3963: $? = 0
configure:3981: result: none needed
configure:4097: checking whether gcc understands -c and -o together
configure:4120: gcc -c conftest.c -o conftest2.o
configure:4123: $? = 0
configure:4120: gcc -c conftest.c -o conftest2.o
configure:4123: $? = 0
configure:4135: result: yes
configure:4155: checking whether make supports the include directive
configure:4170: make -f confmf.GNU && cat confinc.out
this is the am__doit target
configure:4173: $? = 0
configure:4192: result: yes (GNU style)
configure:4218: checking dependency style of gcc
configure:4330: result: gcc3
configure:4360: checking build system type
configure:4375: result: x86_64-pc-linux-gnu
configure:4395: checking host system type
configure:4409: result: x86_64-pc-linux-gnu
configure:4431: checking for strdup
configure:4431: gcc -o conftest -g -O2   conftest.c  >&5
conftest.c:27:6: warning: conflicting types for built-in function 'strdup'; expected 'char *(const char *)' [-Wbuiltin-declaration-mismatch]
   27 | char strdup ();
      |      ^~~~~~
configure:4431: $? = 0
configure:4431: result: yes
configure:4437: checking for memset
configure:4437: gcc -o conftest -g -O2   conftest.c  >&5
conftest.c:28:6: warning: conflicting types for built-in function 'memset'; expected 'void *(void *, int,  long unsigned int)' [-Wbuiltin-declaration-mismatch]
   28 | char memset ();
      |      ^~~~~~
conftest.c:20:1: note: 'memset' is declared in header '<string.h>'
   19 | #include <limits.h>
   20 | #undef memset
configure:4437: $? = 0
configure:4437: result: yes
configure:4443: checking for strchr
configure:4443: gcc -o conftest -g -O2   conftest.c  >&5
conftest.c:29:6: warning: conflicting types for built-in function 'strchr'; expected 'char *(const char *, int)' [-Wbuiltin-declaration-mismatch]
   29 | char strchr ();
      |      ^~~~~~
conftest.c:21:1: note: 'strchr' is declared in header '<string.h>'
   20 | #include <limits.h>
   21 | #undef strchr
configure:4443: $? = 0
configure:4443: result: yes
configure:4510: checking for pkg-config
configure:4533: found /usr/bin/pkg-config
configure:4545: result: /usr/bin/pkg-config
configure:4570: checking pkg-config is at least version 0.9.0
configure:4573: result: yes
configure:4602: checking for RNAlib2 >= 2.2.0
configure:4847: result: yes
configure:4900: checking for stdio.h
configure:4900: gcc -c -g -O2  conftest.c >&5
configure:4900: $? = 0
configure:4900: result: yes
configure:4900: checking for stdlib.h
configure:4900: gcc -c -g -O2  conftest.c >&5
configure:4900: $? = 0
configure:4900: result: yes
configure:4900: checking for string.h
configure:4900: gcc -c -g -O2  conftest.c >&5
configure:4900: $? = 0
configure:4900: result: yes
configure:4900: checking for inttypes.h
configure:4900: gcc -c -g -O2  conftest.c >&5
configure:4900: $? = 0
configure:4900: result: yes
configure:4900: checking for stdint.h
configure:4900: gcc -c -g -O2  conftest.c >&5
configure:4900: $? = 0
configure:4900: result: yes
configure:4900: checking for strings.h
configure:4900: gcc -c -g -O2  conftest.c >&5
configure:4900: $? = 0
configure:4900: result: yes
configure:4900: checking for sys/stat.h
configure:4900: gcc -c -g -O2  conftest.c >&5
configure:4900: $? = 0
configure:4900: result: yes
configure:4900: checking for sys/types.h
configure:4900: gcc -c -g -O2  conftest.c >&5
configure:4900: $? = 0
configure:4900: result: yes
configure:4900: checking for unistd.h
configure:4900: gcc -c -g -O2  conftest.c >&5
configure:4900: $? = 0
configure:4900: result: yes
configure:4926: checking for grep that handles long lines and -e
configure:4990: result: /usr/bin/grep
configure:4995: checking for egrep
configure:5063: result: /usr/bin/grep -E
configure:5069: checking for stdlib.h
configure:5069: result: yes
configure:5075: checking for string.h
configure:5075: result: yes
configure:5081: checking for strings.h
configure:5081: result: yes
configure:5087: checking for unistd.h
configure:5087: result: yes
configure:5095: checking for exp in -lm
configure:5118: gcc -o conftest -g -O2   conftest.c -lm   >&5
conftest.c:33:6: warning: conflicting types for built-in function 'exp'; expected 'double(double)' [-Wbuiltin-declaration-mismatch]
   33 | char exp ();
      |      ^~~
conftest.c:1:1: note: 'exp' is declared in header '<math.h>'
    1 | /* confdefs.h */
configure:5118: $? = 0
configure:5128: result: yes
configure:5139: checking for an ANSI C-conforming const
configure:5206: gcc -c -g -O2  conftest.c >&5
configure:5206: $? = 0
configure:5214: result: yes
configure:5327: checking that generated files are newer than configure
configure:5333: result: done
configure:5364: creating ./config.status

## ---------------------- ##
## Running config.status. ##
## ---------------------- ##

This file was extended by kinfold config.status 1.4, which was
generated by GNU Autoconf 2.71.  Invocation command line was

  CONFIG_FILES    = 
  CONFIG_HEADERS  = 
  CONFIG_LINKS    = 
  CONFIG_COMMANDS = 
  $ ./config.status 

on yx1-worker01

config.status:874: creating Example/Makefile
config.status:874: creating Makefile
config.status:874: creating config.h
config.status:1103: executing depfiles commands
config.status:1180: cd .       && sed -e '/# am--include-marker/d' Makefile         | make -f - am--depfiles
config.status:1185: $? = 0

## ---------------- ##
## Cache variables. ##
## ---------------- ##

ac_cv_build=x86_64-pc-linux-gnu
ac_cv_c_compiler_gnu=yes
ac_cv_c_const=yes
ac_cv_env_CC_set=set
ac_cv_env_CC_value=gcc
ac_cv_env_CFLAGS_set=set
ac_cv_env_CFLAGS_value='-g -O2'
ac_cv_env_CPPFLAGS_set=
ac_cv_env_CPPFLAGS_value=
ac_cv_env_LDFLAGS_set=
ac_cv_env_LDFLAGS_value=
ac_cv_env_LIBS_set=
ac_cv_env_LIBS_value=
ac_cv_env_PKG_CONFIG_LIBDIR_set=
ac_cv_env_PKG_CONFIG_LIBDIR_value=
ac_cv_env_PKG_CONFIG_PATH_set=
ac_cv_env_PKG_CONFIG_PATH_value=
ac_cv_env_PKG_CONFIG_set=
ac_cv_env_PKG_CONFIG_value=
ac_cv_env_VRNA2_CFLAGS_set=
ac_cv_env_VRNA2_CFLAGS_value=
ac_cv_env_VRNA2_LIBS_set=
ac_cv_env_VRNA2_LIBS_value=
ac_cv_env_VRNA_CFLAGS_set=set
ac_cv_env_VRNA_CFLAGS_value='-I$(top_srcdir)/../../src/ViennaRNA -I$(top_srcdir)/../../src -DVRNA_WITH_NAVIEW_LAYOUT'
ac_cv_env_VRNA_LIBS_set=set
ac_cv_env_VRNA_LIBS_value='-fno-strict-aliasing -L$(top_builddir)/../../src/ViennaRNA -lRNA -fopenmp -lpthread -lstdc++'
ac_cv_env_build_alias_set=
ac_cv_env_build_alias_value=
ac_cv_env_host_alias_set=
ac_cv_env_host_alias_value=
ac_cv_env_target_alias_set=
ac_cv_env_target_alias_value=
ac_cv_func_memset=yes
ac_cv_func_strchr=yes
ac_cv_func_strdup=yes
ac_cv_header_inttypes_h=yes
ac_cv_header_stdint_h=yes
ac_cv_header_stdio_h=yes
ac_cv_header_stdlib_h=yes
ac_cv_header_string_h=yes
ac_cv_header_strings_h=yes
ac_cv_header_sys_stat_h=yes
ac_cv_header_sys_types_h=yes
ac_cv_header_unistd_h=yes
ac_cv_host=x86_64-pc-linux-gnu
ac_cv_lib_m_exp=yes
ac_cv_objext=o
ac_cv_path_EGREP='/usr/bin/grep -E'
ac_cv_path_GREP=/usr/bin/grep
ac_cv_path_ac_pt_PKG_CONFIG=/usr/bin/pkg-config
ac_cv_path_install='/usr/bin/install -c'
ac_cv_path_mkdir=/usr/bin/mkdir
ac_cv_prog_AWK=gawk
ac_cv_prog_ac_ct_CC=gcc
ac_cv_prog_cc_c11=
ac_cv_prog_cc_g=yes
ac_cv_prog_cc_stdc=
ac_cv_prog_make_make_set=yes
am_cv_CC_dependencies_compiler_type=gcc3
am_cv_make_support_nested_variables=yes
am_cv_prog_cc_c_o=yes
pkg_cv_VRNA_CFLAGS='-I$(top_srcdir)/../../src/ViennaRNA -I$(top_srcdir)/../../src -DVRNA_WITH_NAVIEW_LAYOUT'
pkg_cv_VRNA_LIBS='-fno-strict-aliasing -L$(top_builddir)/../../src/ViennaRNA -lRNA -fopenmp -lpthread -lstdc++'

## ----------------- ##
## Output variables. ##
## ----------------- ##

ACLOCAL='${SHELL} '\''/data/ntc/Project/VB/ViennaRNA-2.6.4/src/Kinfold/missing'\'' aclocal-1.16'
AMDEPBACKSLASH='\'
AMDEP_FALSE='#'
AMDEP_TRUE=''
AMTAR='$${TAR-tar}'
AM_BACKSLASH='\'
AM_DEFAULT_V='$(AM_DEFAULT_VERBOSITY)'
AM_DEFAULT_VERBOSITY='0'
AM_V='$(V)'
AUTOCONF='${SHELL} '\''/data/ntc/Project/VB/ViennaRNA-2.6.4/src/Kinfold/missing'\'' autoconf'
AUTOHEADER='${SHELL} '\''/data/ntc/Project/VB/ViennaRNA-2.6.4/src/Kinfold/missing'\'' autoheader'
AUTOMAKE='${SHELL} '\''/data/ntc/Project/VB/ViennaRNA-2.6.4/src/Kinfold/missing'\'' automake-1.16'
AWK='gawk'
CC='gcc'
CCDEPMODE='depmode=gcc3'
CFLAGS='-g -O2'
CPPFLAGS=''
CSCOPE='cscope'
CTAGS='ctags'
CYGPATH_W='echo'
DEFS='-DHAVE_CONFIG_H'
DEPDIR='.deps'
ECHO_C=''
ECHO_N='-n'
ECHO_T=''
EGREP='/usr/bin/grep -E'
ETAGS='etags'
EXEEXT=''
GREP='/usr/bin/grep'
INSTALL_DATA='${INSTALL} -m 644'
INSTALL_PROGRAM='${INSTALL}'
INSTALL_SCRIPT='${INSTALL}'
INSTALL_STRIP_PROGRAM='$(install_sh) -c -s'
ISODATE='2024-06-28'
LDFLAGS=''
LIBOBJS=''
LIBS='-lm '
LTLIBOBJS=''
MAKEINFO='${SHELL} '\''/data/ntc/Project/VB/ViennaRNA-2.6.4/src/Kinfold/missing'\'' makeinfo'
MKDIR_P='/usr/bin/mkdir -p'
OBJEXT='o'
PACKAGE='Kinfold'
PACKAGE_BUGREPORT='rna@tbi.univie.ac.at'
PACKAGE_NAME='kinfold'
PACKAGE_STRING='kinfold 1.4'
PACKAGE_TARNAME='Kinfold'
PACKAGE_URL=''
PACKAGE_VERSION='1.4'
PATH_SEPARATOR=':'
PKG_CONFIG='/usr/bin/pkg-config'
PKG_CONFIG_LIBDIR=''
PKG_CONFIG_PATH=''
SET_MAKE=''
SHELL='/bin/bash'
STRIP=''
VERSION='1.4'
VRNA2_CFLAGS=''
VRNA2_LIBS=''
VRNA_CFLAGS='-I$(top_srcdir)/../../src/ViennaRNA -I$(top_srcdir)/../../src -DVRNA_WITH_NAVIEW_LAYOUT'
VRNA_LIBS='-fno-strict-aliasing -L$(top_builddir)/../../src/ViennaRNA -lRNA -fopenmp -lpthread -lstdc++'
WITH_LIBRNA_API2_FALSE=''
WITH_LIBRNA_API2_TRUE='#'
WITH_LIBRNA_API3_FALSE='#'
WITH_LIBRNA_API3_TRUE=''
ac_ct_CC='gcc'
am__EXEEXT_FALSE=''
am__EXEEXT_TRUE='#'
am__fastdepCC_FALSE='#'
am__fastdepCC_TRUE=''
am__include='include'
am__isrc=''
am__leading_dot='.'
am__nodep='_no'
am__quote=''
am__tar='$${TAR-tar} chof - "$$tardir"'
am__untar='$${TAR-tar} xf -'
bindir='${exec_prefix}/bin'
build='x86_64-pc-linux-gnu'
build_alias=''
build_cpu='x86_64'
build_os='linux-gnu'
build_vendor='pc'
datadir='${datarootdir}'
datarootdir='${prefix}/share'
docdir='${datarootdir}/doc/${PACKAGE_TARNAME}'
dvidir='${docdir}'
exec_prefix='${prefix}'
host='x86_64-pc-linux-gnu'
host_alias=''
host_cpu='x86_64'
host_os='linux-gnu'
host_vendor='pc'
htmldir='${docdir}'
includedir='${prefix}/include'
infodir='${datarootdir}/info'
install_sh='${SHELL} /data/ntc/Project/VB/ViennaRNA-2.6.4/src/Kinfold/install-sh'
libdir='${exec_prefix}/lib'
libexecdir='${exec_prefix}/libexec'
localedir='${datarootdir}/locale'
localstatedir='${prefix}/var'
mandir='${datarootdir}/man'
mkdir_p='$(MKDIR_P)'
oldincludedir='/usr/include'
pdfdir='${docdir}'
prefix='/usr/local'
program_transform_name='s,x,x,'
psdir='${docdir}'
runstatedir='${localstatedir}/run'
sbindir='${exec_prefix}/sbin'
sharedstatedir='${prefix}/com'
sysconfdir='${prefix}/etc'
target_alias=''

## ----------- ##
## confdefs.h. ##
## ----------- ##

/* confdefs.h */
#define PACKAGE_NAME "kinfold"
#define PACKAGE_TARNAME "Kinfold"
#define PACKAGE_VERSION "1.4"
#define PACKAGE_STRING "kinfold 1.4"
#define PACKAGE_BUGREPORT "rna@tbi.univie.ac.at"
#define PACKAGE_URL ""
#define PACKAGE "Kinfold"
#define VERSION "1.4"
#define HAVE_STRDUP 1
#define HAVE_MEMSET 1
#define HAVE_STRCHR 1
#define HAVE_LIBRNA_API3 1
#define HAVE_STDIO_H 1
#define HAVE_STDLIB_H 1
#define HAVE_STRING_H 1
#define HAVE_INTTYPES_H 1
#define HAVE_STDINT_H 1
#define HAVE_STRINGS_H 1
#define HAVE_SYS_STAT_H 1
#define HAVE_SYS_TYPES_H 1
#define HAVE_UNISTD_H 1
#define STDC_HEADERS 1
#define HAVE_STDLIB_H 1
#define HAVE_STRING_H 1
#define HAVE_STRINGS_H 1
#define HAVE_UNISTD_H 1
#define HAVE_LIBM 1

configure: exit 0
