This file contains any messages produced by compilers while
running configure, to aid debugging if configure makes a mistake.

It was created by configure, which was
generated by GNU Autoconf 2.71.  Invocation command line was

  $ ./configure --disable-option-checking --prefix=/usr/local CC=gcc CXX=g++ 'CFLAGS=-g -O2' 'CXXFLAGS=-g -O2' AR=ar RANLIB=ranlib 'NM=/usr/bin/nm -B' 'VRNA_CFLAGS=-I$(top_srcdir)/../../src/ViennaRNA -I$(top_srcdir)/../../src -DVRNA_WITH_NAVIEW_LAYOUT' 'VRNA_LIBS=-fno-strict-aliasing -L$(top_builddir)/../../src/ViennaRNA -lRNA -fopenmp -lpthread -lstdc++' --cache-file=/dev/null --srcdir=.

## --------- ##
## Platform. ##
## --------- ##

hostname = yx1-worker01
uname -m = x86_64
uname -r = 5.4.0-186-generic
uname -s = Linux
uname -v = #206-Ubuntu SMP Fri Apr 26 12:31:10 UTC 2024

/usr/bin/uname -p = x86_64
/bin/uname -X     = unknown

/bin/arch              = x86_64
/usr/bin/arch -k       = unknown
/usr/convex/getsysinfo = unknown
/usr/bin/hostinfo      = unknown
/bin/machine           = unknown
/usr/bin/oslevel       = unknown
/bin/universe          = unknown

PATH: /data/ntc/Software/miniconda3/envs/NTC/bin/
PATH: /data/ntc/Software/miniconda3/condabin/
PATH: /data/ntc/Software/miniconda3/bin/
PATH: /data/ntc/Software/miniconda3/condabin/
PATH: /home/ntc/.vscode-server/cli/servers/Stable-611f9bfce64f25108829dd295f54a6894e87339d/server/bin/remote-cli/
PATH: /usr/local/sbin/
PATH: /usr/local/bin/
PATH: /usr/sbin/
PATH: /usr/bin/
PATH: /sbin/
PATH: /bin/
PATH: /usr/games/
PATH: /usr/local/games/
PATH: /snap/bin/


## ----------- ##
## Core tests. ##
## ----------- ##

configure:2566: looking for aux files: install-sh config.guess config.sub
configure:2579:  trying ./
configure:2590:   ./install-sh found
configure:2608:   ./config.guess found
configure:2608:   ./config.sub found
configure:2735: checking build system type
configure:2750: result: x86_64-pc-linux-gnu
configure:2770: checking host system type
configure:2784: result: x86_64-pc-linux-gnu
configure:2902: checking for gcc
configure:2934: result: gcc
configure:3287: checking for C compiler version
configure:3296: gcc --version >&5
gcc (Ubuntu 9.4.0-1ubuntu1~20.04.2) 9.4.0
Copyright (C) 2019 Free Software Foundation, Inc.
This is free software; see the source for copying conditions.  There is NO
warranty; not even for MERCHANTABILITY or FITNESS FOR A PARTICULAR PURPOSE.

configure:3307: $? = 0
configure:3296: gcc -v >&5
Using built-in specs.
COLLECT_GCC=gcc
COLLECT_LTO_WRAPPER=/usr/lib/gcc/x86_64-linux-gnu/9/lto-wrapper
OFFLOAD_TARGET_NAMES=nvptx-none:hsa
OFFLOAD_TARGET_DEFAULT=1
Target: x86_64-linux-gnu
Configured with: ../src/configure -v --with-pkgversion='Ubuntu 9.4.0-1ubuntu1~20.04.2' --with-bugurl=file:///usr/share/doc/gcc-9/README.Bugs --enable-languages=c,ada,c++,go,brig,d,fortran,objc,obj-c++,gm2 --prefix=/usr --with-gcc-major-version-only --program-suffix=-9 --program-prefix=x86_64-linux-gnu- --enable-shared --enable-linker-build-id --libexecdir=/usr/lib --without-included-gettext --enable-threads=posix --libdir=/usr/lib --enable-nls --enable-clocale=gnu --enable-libstdcxx-debug --enable-libstdcxx-time=yes --with-default-libstdcxx-abi=new --enable-gnu-unique-object --disable-vtable-verify --enable-plugin --enable-default-pie --with-system-zlib --with-target-system-zlib=auto --enable-objc-gc=auto --enable-multiarch --disable-werror --with-arch-32=i686 --with-abi=m64 --with-multilib-list=m32,m64,mx32 --enable-multilib --with-tune=generic --enable-offload-targets=nvptx-none=/build/gcc-9-9QDOt0/gcc-9-9.4.0/debian/tmp-nvptx/usr,hsa --without-cuda-driver --enable-checking=release --build=x86_64-linux-gnu --host=x86_64-linux-gnu --target=x86_64-linux-gnu
Thread model: posix
gcc version 9.4.0 (Ubuntu 9.4.0-1ubuntu1~20.04.2) 
configure:3307: $? = 0
configure:3296: gcc -V >&5
gcc: error: unrecognized command line option '-V'
gcc: fatal error: no input files
compilation terminated.
configure:3307: $? = 1
configure:3296: gcc -qversion >&5
gcc: error: unrecognized command line option '-qversion'; did you mean '--version'?
gcc: fatal error: no input files
compilation terminated.
configure:3307: $? = 1
configure:3296: gcc -version >&5
gcc: error: unrecognized command line option '-version'
gcc: fatal error: no input files
compilation terminated.
configure:3307: $? = 1
configure:3327: checking whether the C compiler works
configure:3349: gcc -g -O2   conftest.c  >&5
configure:3353: $? = 0
configure:3403: result: yes
configure:3406: checking for C compiler default output file name
configure:3408: result: a.out
configure:3414: checking for suffix of executables
configure:3421: gcc -o conftest -g -O2   conftest.c  >&5
configure:3425: $? = 0
configure:3448: result: 
configure:3470: checking whether we are cross compiling
configure:3478: gcc -o conftest -g -O2   conftest.c  >&5
configure:3482: $? = 0
configure:3489: ./conftest
configure:3493: $? = 0
configure:3481: result: no
configure:3486: checking for suffix of object files
configure:3509: gcc -c -g -O2  conftest.c >&5
configure:3513: $? = 0
configure:3535: result: o
configure:3539: checking whether the compiler supports GNU C
configure:3559: gcc -c -g -O2  conftest.c >&5
configure:3559: $? = 0
configure:3569: result: yes
configure:3580: checking whether gcc accepts -g
configure:3601: gcc -c -g  conftest.c >&5
configure:3601: $? = 0
configure:3645: result: yes
configure:3665: checking for gcc option to enable C11 features
configure:3680: gcc  -c -g -O2  conftest.c >&5
configure:3680: $? = 0
configure:3698: result: none needed
configure:3813: checking how to run the C preprocessor
configure:3839: gcc -E  conftest.c
configure:3839: $? = 0
configure:3854: gcc -E  conftest.c
conftest.c:10:10: fatal error: ac_nonexistent.h: No such file or directory
   10 | #include <ac_nonexistent.h>
      |          ^~~~~~~~~~~~~~~~~~
compilation terminated.
configure:3854: $? = 1
configure: failed program was:
| /* confdefs.h */
| #define PACKAGE_NAME ""
| #define PACKAGE_TARNAME ""
| #define PACKAGE_VERSION ""
| #define PACKAGE_STRING ""
| #define PACKAGE_BUGREPORT ""
| #define PACKAGE_URL ""
| #define LINUX 1
| /* end confdefs.h.  */
| #include <ac_nonexistent.h>
configure:3881: result: gcc -E
configure:3895: gcc -E  conftest.c
configure:3895: $? = 0
configure:3910: gcc -E  conftest.c
conftest.c:10:10: fatal error: ac_nonexistent.h: No such file or directory
   10 | #include <ac_nonexistent.h>
      |          ^~~~~~~~~~~~~~~~~~
compilation terminated.
configure:3910: $? = 1
configure: failed program was:
| /* confdefs.h */
| #define PACKAGE_NAME ""
| #define PACKAGE_TARNAME ""
| #define PACKAGE_VERSION ""
| #define PACKAGE_STRING ""
| #define PACKAGE_BUGREPORT ""
| #define PACKAGE_URL ""
| #define LINUX 1
| /* end confdefs.h.  */
| #include <ac_nonexistent.h>
configure:4068: checking for C++ compiler version
configure:4077: g++ --version >&5
g++ (Ubuntu 9.4.0-1ubuntu1~20.04.2) 9.4.0
Copyright (C) 2019 Free Software Foundation, Inc.
This is free software; see the source for copying conditions.  There is NO
warranty; not even for MERCHANTABILITY or FITNESS FOR A PARTICULAR PURPOSE.

configure:4088: $? = 0
configure:4077: g++ -v >&5
Using built-in specs.
COLLECT_GCC=g++
COLLECT_LTO_WRAPPER=/usr/lib/gcc/x86_64-linux-gnu/9/lto-wrapper
OFFLOAD_TARGET_NAMES=nvptx-none:hsa
OFFLOAD_TARGET_DEFAULT=1
Target: x86_64-linux-gnu
Configured with: ../src/configure -v --with-pkgversion='Ubuntu 9.4.0-1ubuntu1~20.04.2' --with-bugurl=file:///usr/share/doc/gcc-9/README.Bugs --enable-languages=c,ada,c++,go,brig,d,fortran,objc,obj-c++,gm2 --prefix=/usr --with-gcc-major-version-only --program-suffix=-9 --program-prefix=x86_64-linux-gnu- --enable-shared --enable-linker-build-id --libexecdir=/usr/lib --without-included-gettext --enable-threads=posix --libdir=/usr/lib --enable-nls --enable-clocale=gnu --enable-libstdcxx-debug --enable-libstdcxx-time=yes --with-default-libstdcxx-abi=new --enable-gnu-unique-object --disable-vtable-verify --enable-plugin --enable-default-pie --with-system-zlib --with-target-system-zlib=auto --enable-objc-gc=auto --enable-multiarch --disable-werror --with-arch-32=i686 --with-abi=m64 --with-multilib-list=m32,m64,mx32 --enable-multilib --with-tune=generic --enable-offload-targets=nvptx-none=/build/gcc-9-9QDOt0/gcc-9-9.4.0/debian/tmp-nvptx/usr,hsa --without-cuda-driver --enable-checking=release --build=x86_64-linux-gnu --host=x86_64-linux-gnu --target=x86_64-linux-gnu
Thread model: posix
gcc version 9.4.0 (Ubuntu 9.4.0-1ubuntu1~20.04.2) 
configure:4088: $? = 0
configure:4077: g++ -V >&5
g++: error: unrecognized command line option '-V'
g++: fatal error: no input files
compilation terminated.
configure:4088: $? = 1
configure:4077: g++ -qversion >&5
g++: error: unrecognized command line option '-qversion'; did you mean '--version'?
g++: fatal error: no input files
compilation terminated.
configure:4088: $? = 1
configure:4092: checking whether the compiler supports GNU C++
configure:4112: g++ -c -g -O2  conftest.cpp >&5
configure:4112: $? = 0
configure:4122: result: yes
configure:4133: checking whether g++ accepts -g
configure:4154: g++ -c -g  conftest.cpp >&5
configure:4154: $? = 0
configure:4198: result: yes
configure:4218: checking for g++ option to enable C++11 features
configure:4233: g++  -c -g -O2  conftest.cpp >&5
configure:4233: $? = 0
configure:4251: result: none needed
configure:4330: checking for a BSD-compatible install
configure:4403: result: /usr/bin/install -c
configure:4416: checking for find
configure:4437: found /usr/bin/find
configure:4449: result: find
configure:4459: checking for makedepend
configure:4492: result: :
configure:4501: checking for dlopen in -ldl
configure:4524: gcc -o conftest -g -O2   conftest.c -ldl   >&5
configure:4524: $? = 0
configure:4534: result: yes
configure:4671: checking for X
configure:4709: gcc -o conftest -g -O2   conftest.c -lX11  >&5
conftest.c:10:10: fatal error: X11/Xlib.h: No such file or directory
   10 | #include <X11/Xlib.h>
      |          ^~~~~~~~~~~~
compilation terminated.
configure:4709: $? = 1
configure: failed program was:
| /* confdefs.h */
| #define PACKAGE_NAME ""
| #define PACKAGE_TARNAME ""
| #define PACKAGE_VERSION ""
| #define PACKAGE_STRING ""
| #define PACKAGE_BUGREPORT ""
| #define PACKAGE_URL ""
| #define LINUX 1
| /* end confdefs.h.  */
| #include <X11/Xlib.h>
| int
| main (void)
| {
| XrmInitialize ()
|   ;
|   return 0;
| }
configure:4811: gcc -E  conftest.c
conftest.c:10:10: fatal error: X11/Xlib.h: No such file or directory
   10 | #include <X11/Xlib.h>
      |          ^~~~~~~~~~~~
compilation terminated.
configure:4811: $? = 1
configure: failed program was:
| /* confdefs.h */
| #define PACKAGE_NAME ""
| #define PACKAGE_TARNAME ""
| #define PACKAGE_VERSION ""
| #define PACKAGE_STRING ""
| #define PACKAGE_BUGREPORT ""
| #define PACKAGE_URL ""
| #define LINUX 1
| /* end confdefs.h.  */
| #include <X11/Xlib.h>
configure:4843: gcc -o conftest -g -O2   conftest.c -lX11  >&5
conftest.c:10:10: fatal error: X11/Xlib.h: No such file or directory
   10 | #include <X11/Xlib.h>
      |          ^~~~~~~~~~~~
compilation terminated.
configure:4843: $? = 1
configure: failed program was:
| /* confdefs.h */
| #define PACKAGE_NAME ""
| #define PACKAGE_TARNAME ""
| #define PACKAGE_VERSION ""
| #define PACKAGE_STRING ""
| #define PACKAGE_BUGREPORT ""
| #define PACKAGE_URL ""
| #define LINUX 1
| /* end confdefs.h.  */
| #include <X11/Xlib.h>
| int
| main (void)
| {
| XrmInitialize ()
|   ;
|   return 0;
| }
configure:4885: result: no
configure:5410: checking for main in -lm
configure:5430: gcc -o conftest -g -O2  -I/usr/local/include   conftest.c -lm   -L/usr/local/lib >&5
configure:5430: $? = 0
configure:5440: result: yes
configure:5451: checking for main in -lX11
configure:5471: gcc -o conftest -g -O2  -I/usr/local/include   conftest.c -lX11   -L/usr/local/lib -lm >&5
/usr/bin/ld: cannot find -lX11
collect2: error: ld returned 1 exit status
configure:5471: $? = 1
configure: failed program was:
| /* confdefs.h */
| #define PACKAGE_NAME ""
| #define PACKAGE_TARNAME ""
| #define PACKAGE_VERSION ""
| #define PACKAGE_STRING ""
| #define PACKAGE_BUGREPORT ""
| #define PACKAGE_URL ""
| #define LINUX 1
| #define X_DISPLAY_MISSING 1
| #define DO_PS 1
| #define DO_FIG 1
| /* end confdefs.h.  */
| 
| 
| int
| main (void)
| {
| return main ();
|   ;
|   return 0;
| }
configure:5481: result: no
configure:5489: checking for main in -lXext
configure:5509: gcc -o conftest -g -O2  -I/usr/local/include   conftest.c -lXext   -L/usr/local/lib -lm >&5
/usr/bin/ld: cannot find -lXext
collect2: error: ld returned 1 exit status
configure:5509: $? = 1
configure: failed program was:
| /* confdefs.h */
| #define PACKAGE_NAME ""
| #define PACKAGE_TARNAME ""
| #define PACKAGE_VERSION ""
| #define PACKAGE_STRING ""
| #define PACKAGE_BUGREPORT ""
| #define PACKAGE_URL ""
| #define LINUX 1
| #define X_DISPLAY_MISSING 1
| #define DO_PS 1
| #define DO_FIG 1
| /* end confdefs.h.  */
| 
| 
| int
| main (void)
| {
| return main ();
|   ;
|   return 0;
| }
configure:5519: result: no
configure:5527: checking for main in -lgd
configure:5547: gcc -o conftest -g -O2  -I/usr/local/include   conftest.c -lgd   -L/usr/local/lib -lm >&5
/usr/bin/ld: cannot find -lgd
collect2: error: ld returned 1 exit status
configure:5547: $? = 1
configure: failed program was:
| /* confdefs.h */
| #define PACKAGE_NAME ""
| #define PACKAGE_TARNAME ""
| #define PACKAGE_VERSION ""
| #define PACKAGE_STRING ""
| #define PACKAGE_BUGREPORT ""
| #define PACKAGE_URL ""
| #define LINUX 1
| #define X_DISPLAY_MISSING 1
| #define DO_PS 1
| #define DO_FIG 1
| /* end confdefs.h.  */
| 
| 
| int
| main (void)
| {
| return main ();
|   ;
|   return 0;
| }
configure:5557: result: no
configure:5658: checking for stdio.h
configure:5658: gcc -c -g -O2  -I/usr/local/include  conftest.c >&5
configure:5658: $? = 0
configure:5658: result: yes
configure:5658: checking for stdlib.h
configure:5658: gcc -c -g -O2  -I/usr/local/include  conftest.c >&5
configure:5658: $? = 0
configure:5658: result: yes
configure:5658: checking for string.h
configure:5658: gcc -c -g -O2  -I/usr/local/include  conftest.c >&5
configure:5658: $? = 0
configure:5658: result: yes
configure:5658: checking for inttypes.h
configure:5658: gcc -c -g -O2  -I/usr/local/include  conftest.c >&5
configure:5658: $? = 0
configure:5658: result: yes
configure:5658: checking for stdint.h
configure:5658: gcc -c -g -O2  -I/usr/local/include  conftest.c >&5
configure:5658: $? = 0
configure:5658: result: yes
configure:5658: checking for strings.h
configure:5658: gcc -c -g -O2  -I/usr/local/include  conftest.c >&5
configure:5658: $? = 0
configure:5658: result: yes
configure:5658: checking for sys/stat.h
configure:5658: gcc -c -g -O2  -I/usr/local/include  conftest.c >&5
configure:5658: $? = 0
configure:5658: result: yes
configure:5658: checking for sys/types.h
configure:5658: gcc -c -g -O2  -I/usr/local/include  conftest.c >&5
configure:5658: $? = 0
configure:5658: result: yes
configure:5658: checking for unistd.h
configure:5658: gcc -c -g -O2  -I/usr/local/include  conftest.c >&5
configure:5658: $? = 0
configure:5658: result: yes
configure:5684: checking for grep that handles long lines and -e
configure:5748: result: /usr/bin/grep
configure:5753: checking for egrep
configure:5821: result: /usr/bin/grep -E
configure:5827: checking for limits.h
configure:5827: gcc -c -g -O2  -I/usr/local/include  conftest.c >&5
configure:5827: $? = 0
configure:5827: result: yes
configure:5983: creating ./config.status

## ---------------------- ##
## Running config.status. ##
## ---------------------- ##

This file was extended by config.status, which was
generated by GNU Autoconf 2.71.  Invocation command line was

  CONFIG_FILES    = 
  CONFIG_HEADERS  = 
  CONFIG_LINKS    = 
  CONFIG_COMMANDS = 
  $ ./config.status 

on yx1-worker01

config.status:751: creating Makefile
config.status:751: creating demo/Makefile
config.status:751: creating g2_perl/Makefile.PL
config.status:751: creating g2_python/Makefile

## ---------------- ##
## Cache variables. ##
## ---------------- ##

ac_cv_build=x86_64-pc-linux-gnu
ac_cv_c_compiler_gnu=yes
ac_cv_cxx_compiler_gnu=yes
ac_cv_env_CCC_set=
ac_cv_env_CCC_value=
ac_cv_env_CC_set=set
ac_cv_env_CC_value=gcc
ac_cv_env_CFLAGS_set=set
ac_cv_env_CFLAGS_value='-g -O2'
ac_cv_env_CPPFLAGS_set=
ac_cv_env_CPPFLAGS_value=
ac_cv_env_CPP_set=
ac_cv_env_CPP_value=
ac_cv_env_CXXFLAGS_set=set
ac_cv_env_CXXFLAGS_value='-g -O2'
ac_cv_env_CXX_set=set
ac_cv_env_CXX_value=g++
ac_cv_env_LDFLAGS_set=
ac_cv_env_LDFLAGS_value=
ac_cv_env_LIBS_set=
ac_cv_env_LIBS_value=
ac_cv_env_XMKMF_set=
ac_cv_env_XMKMF_value=
ac_cv_env_build_alias_set=
ac_cv_env_build_alias_value=
ac_cv_env_host_alias_set=
ac_cv_env_host_alias_value=
ac_cv_env_target_alias_set=
ac_cv_env_target_alias_value=
ac_cv_have_x=have_x=no
ac_cv_header_inttypes_h=yes
ac_cv_header_limits_h=yes
ac_cv_header_stdint_h=yes
ac_cv_header_stdio_h=yes
ac_cv_header_stdlib_h=yes
ac_cv_header_string_h=yes
ac_cv_header_strings_h=yes
ac_cv_header_sys_stat_h=yes
ac_cv_header_sys_types_h=yes
ac_cv_header_unistd_h=yes
ac_cv_host=x86_64-pc-linux-gnu
ac_cv_lib_X11_main=no
ac_cv_lib_Xext_main=no
ac_cv_lib_dl_dlopen=yes
ac_cv_lib_gd_main=no
ac_cv_lib_m_main=yes
ac_cv_objext=o
ac_cv_path_EGREP='/usr/bin/grep -E'
ac_cv_path_GREP=/usr/bin/grep
ac_cv_path_install='/usr/bin/install -c'
ac_cv_prog_CPP='gcc -E'
ac_cv_prog_FIND=find
ac_cv_prog_MAKEDEPEND=:
ac_cv_prog_ac_ct_CC=gcc
ac_cv_prog_cc_c11=
ac_cv_prog_cc_g=yes
ac_cv_prog_cc_stdc=
ac_cv_prog_cxx_11=no
ac_cv_prog_cxx_cxx11=
ac_cv_prog_cxx_g=yes
ac_cv_prog_cxx_stdcxx=

## ----------------- ##
## Output variables. ##
## ----------------- ##

AR='ar'
CC='gcc'
CFLAGS='-g -O2  -I/usr/local/include'
CPP='gcc -E'
CPPFLAGS=''
CXX='g++'
CXXFLAGS='-g -O2'
DEFS='-DPACKAGE_NAME=\"\" -DPACKAGE_TARNAME=\"\" -DPACKAGE_VERSION=\"\" -DPACKAGE_STRING=\"\" -DPACKAGE_BUGREPORT=\"\" -DPACKAGE_URL=\"\" -DLINUX=1 -DX_DISPLAY_MISSING=1 -DDO_PS=1 -DDO_FIG=1 -DHAVE_STDIO_H=1 -DHAVE_STDLIB_H=1 -DHAVE_STRING_H=1 -DHAVE_INTTYPES_H=1 -DHAVE_STDINT_H=1 -DHAVE_STRINGS_H=1 -DHAVE_SYS_STAT_H=1 -DHAVE_SYS_TYPES_H=1 -DHAVE_UNISTD_H=1 -DSTDC_HEADERS=1 -DHAVE_LIMITS_H=1'
DO_FIG=''
DO_GD='#'
DO_GIF='#'
DO_PS=''
DO_WIN32='#'
DO_X11='#'
DO_XDBE='#'
ECHO_C=''
ECHO_N='-n'
ECHO_T=''
EGREP='/usr/bin/grep -E'
EXEEXT=''
FIND='find'
GREP='/usr/bin/grep'
INSTALL_DATA='${INSTALL} -m 644'
INSTALL_PROGRAM='${INSTALL}'
INSTALL_SCRIPT='${INSTALL}'
LDFLAGS=''
LD_SHARED='ld'
LD_SHARED_EXT='so.0.$(G2_VERSION)'
LD_SHARED_FLAGS='-shared -soname libg2.so.0'
LD_SHARED_OPT=''
LIBOBJS=''
LIBS=' -L/usr/local/lib -lm'
LTLIBOBJS=''
MAKEDEPEND=':'
OBJEXT='o'
PACKAGE_BUGREPORT=''
PACKAGE_NAME=''
PACKAGE_STRING=''
PACKAGE_TARNAME=''
PACKAGE_URL=''
PACKAGE_VERSION=''
PATH_SEPARATOR=':'
RANLIB='ranlib'
SHELL='/bin/bash'
XMKMF=''
X_CFLAGS=''
X_EXTRA_LIBS=''
X_LIBS=''
X_PRE_LIBS=''
ac_ct_CC='gcc'
ac_ct_CXX=''
bindir='${exec_prefix}/bin'
build='x86_64-pc-linux-gnu'
build_alias=''
build_cpu='x86_64'
build_os='linux-gnu'
build_vendor='pc'
datadir='${datarootdir}'
datarootdir='${prefix}/share'
docdir='${datarootdir}/doc/${PACKAGE}'
dvidir='${docdir}'
exec_prefix='${prefix}'
host='x86_64-pc-linux-gnu'
host_alias=''
host_cpu='x86_64'
host_os='linux-gnu'
host_vendor='pc'
htmldir='${docdir}'
includedir='${prefix}/include'
infodir='${datarootdir}/info'
libdir='${exec_prefix}/lib'
libexecdir='${exec_prefix}/libexec'
localedir='${datarootdir}/locale'
localstatedir='${prefix}/var'
mandir='${datarootdir}/man'
oldincludedir='/usr/include'
pdfdir='${docdir}'
prefix='/usr/local'
program_transform_name='s,x,x,'
psdir='${docdir}'
runstatedir='${localstatedir}/run'
sbindir='${exec_prefix}/sbin'
sharedstatedir='${prefix}/com'
sysconfdir='${prefix}/etc'
target_alias=''

## ----------- ##
## confdefs.h. ##
## ----------- ##

/* confdefs.h */
#define PACKAGE_NAME ""
#define PACKAGE_TARNAME ""
#define PACKAGE_VERSION ""
#define PACKAGE_STRING ""
#define PACKAGE_BUGREPORT ""
#define PACKAGE_URL ""
#define LINUX 1
#define X_DISPLAY_MISSING 1
#define DO_PS 1
#define DO_FIG 1
#define HAVE_STDIO_H 1
#define HAVE_STDLIB_H 1
#define HAVE_STRING_H 1
#define HAVE_INTTYPES_H 1
#define HAVE_STDINT_H 1
#define HAVE_STRINGS_H 1
#define HAVE_SYS_STAT_H 1
#define HAVE_SYS_TYPES_H 1
#define HAVE_UNISTD_H 1
#define STDC_HEADERS 1
#define HAVE_LIMITS_H 1

configure: exit 0
