probs is :0.000000probs is :0.000000>primer_f6,temp_r6
AAAAcccgcctggctgaccgcc&GGCGGTCAGCCAGGCGGGCCAT
....((((((((((((((((((&)))))))))))))))))).... (-43.70)
....((((((((((((((((((&)))))))))))))))))).... [-43.71]
 frequency of mfe structure in ensemble 0.977115; delta G binding=-37.45
probs is :0.000000probs is :0.000000>primer_f5,temp_r5
tcaataatgacgtatgtAAAA&GGGAACATACGTCATTATTGA
(((((((((((((((((....&....))))))))))))))))) (-22.70)
(((((((((((((((((....&....))))))))))))))))) [-22.77]
 frequency of mfe structure in ensemble 0.886024; delta G binding=-22.34
probs is :0.000000probs is :0.000000>primer_f4,temp_r4
aactgcccactcagtacatcaa&TTGATGTACTGCCAAGTGGGCAGTT
((((((((((((((((((((((&)))))))))))...))))))))))) (-33.40)
((((((((((((((((((((((&)))))))))))...))))))))))) [-33.70]
 frequency of mfe structure in ensemble 0.614982; delta G binding=-24.20
probs is :0.000000probs is :0.000000>primer_f3,temp_r3
cccctattAAAgacgtcaatgac&GTCATTGACGTCAATAGGGG
((((((((...((((((((((((&)))))))))))))))))))) (-29.90)
((((((((...((((((((((((&)))))))))))))))))))) [-29.96]
 frequency of mfe structure in ensemble 0.904287; delta G binding=-29.39
probs is :0.000000probs is :0.000000>primer_f2,temp_r2
tgacttatgggactttcctacttggcag&CTGCCAAGTAGGAAAGTCCCATAAGGTCA
((((((((((((((((((((((((((((&)))))))))))))))))))))))).)))) (-48.20)
((((((((((((((((((((((((((((&))))))))))))))))))))))))},))) [-48.72]
 frequency of mfe structure in ensemble 0.430813; delta G binding=-45.35
probs is :0.000000probs is :0.000000>primer_f1,temp_r1
tgaacttatgggactttcctacttggcag&CTGCCAAGTAGGAAAGTCCCATAAGGTCA
(((.(((((((((((((((((((((((((&))))))))))))))))))))))))).))) (-48.60)
(({.(((((((((((((((((((((((((&))))))))))))))))))))))))).})) [-48.93]
 frequency of mfe structure in ensemble 0.584786; delta G binding=-45.61
probs is :0.000000probs is :0.000000>primer_f,temp_r
ttagtcatcgctaccaggatggtgatgcggttttggca&TGCCAAAACCGCATCACCATGGTAATAGCGATGACTAA
(((((((((((((.....((((((((((((((((((((&)))))))))))))))))))).....))))))))))))) (-57.00)
((((((((((((({{,..{(((((((((((((((((((&))))))))))))))))))))}},..,)))))))))))) [-57.91]
 frequency of mfe structure in ensemble 0.227173; delta G binding=-50.08
